  [1m[35m (204.6ms)[0m  [1m[35mCREATE DATABASE "tectonic_test_development" ENCODING = 'unicode'[0m
  [1m[35m (73.2ms)[0m  [1m[35mCREATE DATABASE "tectonic_test_test" ENCODING = 'unicode'[0m
  [1m[35m (19.2ms)[0m  [1m[35mCREATE TABLE "schema_migrations" ("version" character varying NOT NULL PRIMARY KEY)[0m
  [1m[35m (3.7ms)[0m  [1m[35mCREATE TABLE "ar_internal_metadata" ("key" character varying NOT NULL PRIMARY KEY, "value" character varying, "created_at" timestamp(6) NOT NULL, "updated_at" timestamp(6) NOT NULL)[0m
  [1m[35m (0.3ms)[0m  [1m[34mSELECT pg_try_advisory_lock(8053868905043610495)[0m
  [1m[35m (0.8ms)[0m  [1m[34mSELECT "schema_migrations"."version" FROM "schema_migrations" ORDER BY "schema_migrations"."version" ASC[0m
Migrating to CreateRestaurants (20240101000001)
  [1m[36mTRANSACTION (0.1ms)[0m  [1m[35mBEGIN[0m
  [1m[35m (6.1ms)[0m  [1m[35mCREATE TABLE "restaurants" ("id" bigserial primary key, "name" character varying, "description" text, "logo_url" character varying, "created_at" timestamp(6) NOT NULL, "updated_at" timestamp(6) NOT NULL)[0m
  [1m[36mActiveRecord::SchemaMigration Create (0.4ms)[0m  [1m[32mINSERT INTO "schema_migrations" ("version") VALUES ($1) RETURNING "version"[0m  [["version", "20240101000001"]]
  [1m[36mTRANSACTION (0.2ms)[0m  [1m[35mCOMMIT[0m
Migrating to CreateDishes (20240101000002)
  [1m[36mTRANSACTION (0.3ms)[0m  [1m[35mBEGIN[0m
  [1m[35m (6.2ms)[0m  [1m[35mCREATE TABLE "dishes" ("id" bigserial primary key, "restaurant_id" bigint NOT NULL, "name" character varying, "description" text, "base_price" decimal, "created_at" timestamp(6) NOT NULL, "updated_at" timestamp(6) NOT NULL, CONSTRAINT "fk_rails_d0358ace74"
FOREIGN KEY ("restaurant_id")
  REFERENCES "restaurants" ("id")
)[0m
  [1m[35m (0.7ms)[0m  [1m[35mCREATE INDEX "index_dishes_on_restaurant_id" ON "dishes" ("restaurant_id")[0m
  [1m[36mActiveRecord::SchemaMigration Create (0.2ms)[0m  [1m[32mINSERT INTO "schema_migrations" ("version") VALUES ($1) RETURNING "version"[0m  [["version", "20240101000002"]]
  [1m[36mTRANSACTION (0.2ms)[0m  [1m[35mCOMMIT[0m
Migrating to CreateStories (20240101000003)
  [1m[36mTRANSACTION (0.4ms)[0m  [1m[35mBEGIN[0m
  [1m[35m (3.5ms)[0m  [1m[35mCREATE TABLE "stories" ("id" bigserial primary key, "dish_id" bigint NOT NULL, "position" integer, "created_at" timestamp(6) NOT NULL, "updated_at" timestamp(6) NOT NULL, CONSTRAINT "fk_rails_d2ccab0ca0"
FOREIGN KEY ("dish_id")
  REFERENCES "dishes" ("id")
)[0m
  [1m[35m (0.7ms)[0m  [1m[35mCREATE INDEX "index_stories_on_dish_id" ON "stories" ("dish_id")[0m
  [1m[36mActiveRecord::SchemaMigration Create (0.1ms)[0m  [1m[32mINSERT INTO "schema_migrations" ("version") VALUES ($1) RETURNING "version"[0m  [["version", "20240101000003"]]
  [1m[36mTRANSACTION (0.6ms)[0m  [1m[35mCOMMIT[0m
Migrating to CreateIngredients (20240101000004)
  [1m[36mTRANSACTION (0.2ms)[0m  [1m[35mBEGIN[0m
  [1m[35m (5.4ms)[0m  [1m[35mCREATE TABLE "ingredients" ("id" bigserial primary key, "name" character varying, "description" text, "image_url" character varying, "calories" integer, "protein" decimal, "carbs" decimal, "fat" decimal, "allergens" text, "created_at" timestamp(6) NOT NULL, "updated_at" timestamp(6) NOT NULL)[0m
  [1m[36mActiveRecord::SchemaMigration Create (0.2ms)[0m  [1m[32mINSERT INTO "schema_migrations" ("version") VALUES ($1) RETURNING "version"[0m  [["version", "20240101000004"]]
  [1m[36mTRANSACTION (0.4ms)[0m  [1m[35mCOMMIT[0m
Migrating to CreateDishIngredients (20240101000005)
  [1m[36mTRANSACTION (0.2ms)[0m  [1m[35mBEGIN[0m
  [1m[35m (4.8ms)[0m  [1m[35mCREATE TABLE "dish_ingredients" ("id" bigserial primary key, "dish_id" bigint NOT NULL, "ingredient_id" bigint NOT NULL, "default_quantity" decimal, "is_customizable" boolean, "extra_cost" decimal, "created_at" timestamp(6) NOT NULL, "updated_at" timestamp(6) NOT NULL, CONSTRAINT "fk_rails_22a81b5789"
FOREIGN KEY ("dish_id")
  REFERENCES "dishes" ("id")
, CONSTRAINT "fk_rails_f857d19588"
FOREIGN KEY ("ingredient_id")
  REFERENCES "ingredients" ("id")
)[0m
  [1m[35m (1.1ms)[0m  [1m[35mCREATE INDEX "index_dish_ingredients_on_dish_id" ON "dish_ingredients" ("dish_id")[0m
  [1m[35m (0.8ms)[0m  [1m[35mCREATE INDEX "index_dish_ingredients_on_ingredient_id" ON "dish_ingredients" ("ingredient_id")[0m
  [1m[36mActiveRecord::SchemaMigration Create (0.2ms)[0m  [1m[32mINSERT INTO "schema_migrations" ("version") VALUES ($1) RETURNING "version"[0m  [["version", "20240101000005"]]
  [1m[36mTRANSACTION (0.2ms)[0m  [1m[35mCOMMIT[0m
Migrating to CreateMediaItems (20240101000006)
  [1m[36mTRANSACTION (0.2ms)[0m  [1m[35mBEGIN[0m
  [1m[35m (2.3ms)[0m  [1m[35mCREATE TABLE "media_items" ("id" bigserial primary key, "story_id" bigint NOT NULL, "media_type" integer, "position" integer, "duration" integer DEFAULT 5000, "created_at" timestamp(6) NOT NULL, "updated_at" timestamp(6) NOT NULL, CONSTRAINT "fk_rails_f619b0d774"
FOREIGN KEY ("story_id")
  REFERENCES "stories" ("id")
)[0m
  [1m[35m (0.7ms)[0m  [1m[35mCREATE INDEX "index_media_items_on_story_id" ON "media_items" ("story_id")[0m
  [1m[36mActiveRecord::SchemaMigration Create (0.1ms)[0m  [1m[32mINSERT INTO "schema_migrations" ("version") VALUES ($1) RETURNING "version"[0m  [["version", "20240101000006"]]
  [1m[36mTRANSACTION (0.4ms)[0m  [1m[35mCOMMIT[0m
Migrating to CreateHotspots (20240101000007)
  [1m[36mTRANSACTION (0.4ms)[0m  [1m[35mBEGIN[0m
  [1m[35m (4.7ms)[0m  [1m[35mCREATE TABLE "hotspots" ("id" bigserial primary key, "media_item_id" bigint NOT NULL, "ingredient_id" bigint NOT NULL, "x_position" decimal, "y_position" decimal, "created_at" timestamp(6) NOT NULL, "updated_at" timestamp(6) NOT NULL, CONSTRAINT "fk_rails_d3b6957da1"
FOREIGN KEY ("media_item_id")
  REFERENCES "media_items" ("id")
, CONSTRAINT "fk_rails_0d789dc5d8"
FOREIGN KEY ("ingredient_id")
  REFERENCES "ingredients" ("id")
)[0m
  [1m[35m (1.1ms)[0m  [1m[35mCREATE INDEX "index_hotspots_on_media_item_id" ON "hotspots" ("media_item_id")[0m
  [1m[35m (0.9ms)[0m  [1m[35mCREATE INDEX "index_hotspots_on_ingredient_id" ON "hotspots" ("ingredient_id")[0m
  [1m[36mActiveRecord::SchemaMigration Create (0.2ms)[0m  [1m[32mINSERT INTO "schema_migrations" ("version") VALUES ($1) RETURNING "version"[0m  [["version", "20240101000007"]]
  [1m[36mTRANSACTION (0.3ms)[0m  [1m[35mCOMMIT[0m
Migrating to CreateSubstitutions (20240101000008)
  [1m[36mTRANSACTION (0.3ms)[0m  [1m[35mBEGIN[0m
  [1m[35m (3.6ms)[0m  [1m[35mCREATE TABLE "substitutions" ("id" bigserial primary key, "ingredient_id" bigint NOT NULL, "substitute_ingredient_id" bigint NOT NULL, "price_adjustment" decimal, "created_at" timestamp(6) NOT NULL, "updated_at" timestamp(6) NOT NULL, CONSTRAINT "fk_rails_4ec728234a"
FOREIGN KEY ("ingredient_id")
  REFERENCES "ingredients" ("id")
, CONSTRAINT "fk_rails_016b2e914a"
FOREIGN KEY ("substitute_ingredient_id")
  REFERENCES "ingredients" ("id")
)[0m
  [1m[35m (0.7ms)[0m  [1m[35mCREATE INDEX "index_substitutions_on_ingredient_id" ON "substitutions" ("ingredient_id")[0m
  [1m[35m (1.4ms)[0m  [1m[35mCREATE INDEX "index_substitutions_on_substitute_ingredient_id" ON "substitutions" ("substitute_ingredient_id")[0m
  [1m[36mActiveRecord::SchemaMigration Create (0.2ms)[0m  [1m[32mINSERT INTO "schema_migrations" ("version") VALUES ($1) RETURNING "version"[0m  [["version", "20240101000008"]]
  [1m[36mTRANSACTION (0.2ms)[0m  [1m[35mCOMMIT[0m
Migrating to CreateCartItems (20240101000009)
  [1m[36mTRANSACTION (0.4ms)[0m  [1m[35mBEGIN[0m
  [1m[35m (4.4ms)[0m  [1m[35mCREATE TABLE "cart_items" ("id" bigserial primary key, "session_id" character varying, "dish_id" bigint NOT NULL, "quantity" integer DEFAULT 1, "customizations" jsonb, "total_price" decimal, "created_at" timestamp(6) NOT NULL, "updated_at" timestamp(6) NOT NULL, CONSTRAINT "fk_rails_ad0fe2c42e"
FOREIGN KEY ("dish_id")
  REFERENCES "dishes" ("id")
)[0m
  [1m[35m (0.6ms)[0m  [1m[35mCREATE INDEX "index_cart_items_on_dish_id" ON "cart_items" ("dish_id")[0m
  [1m[36mActiveRecord::SchemaMigration Create (0.2ms)[0m  [1m[32mINSERT INTO "schema_migrations" ("version") VALUES ($1) RETURNING "version"[0m  [["version", "20240101000009"]]
  [1m[36mTRANSACTION (0.5ms)[0m  [1m[35mCOMMIT[0m
Migrating to AddActiveStorageToMediaItems (20240101000010)
  [1m[36mTRANSACTION (0.3ms)[0m  [1m[35mBEGIN[0m
  [1m[36mActiveRecord::SchemaMigration Create (0.2ms)[0m  [1m[32mINSERT INTO "schema_migrations" ("version") VALUES ($1) RETURNING "version"[0m  [["version", "20240101000010"]]
  [1m[36mTRANSACTION (0.3ms)[0m  [1m[35mCOMMIT[0m
  [1m[36mActiveRecord::InternalMetadata Load (0.2ms)[0m  [1m[34mSELECT "ar_internal_metadata".* FROM "ar_internal_metadata" WHERE "ar_internal_metadata"."key" = $1 LIMIT $2[0m  [["key", "environment"], ["LIMIT", 1]]
  [1m[36mTRANSACTION (0.0ms)[0m  [1m[35mBEGIN[0m
  [1m[36mActiveRecord::InternalMetadata Create (0.9ms)[0m  [1m[32mINSERT INTO "ar_internal_metadata" ("key", "value", "created_at", "updated_at") VALUES ($1, $2, $3, $4) RETURNING "key"[0m  [["key", "environment"], ["value", "development"], ["created_at", "2026-01-06 13:27:46.615341"], ["updated_at", "2026-01-06 13:27:46.615341"]]
  [1m[36mTRANSACTION (0.2ms)[0m  [1m[35mCOMMIT[0m
  [1m[35m (0.6ms)[0m  [1m[34mSELECT pg_advisory_unlock(8053868905043610495)[0m
  [1m[35m (0.5ms)[0m  [1m[34mSELECT "schema_migrations"."version" FROM "schema_migrations" ORDER BY "schema_migrations"."version" ASC[0m
  [1m[35m (0.1ms)[0m  [1m[34mSELECT pg_try_advisory_lock(8053868905043610495)[0m
  [1m[35m (1.0ms)[0m  [1m[34mSELECT "schema_migrations"."version" FROM "schema_migrations" ORDER BY "schema_migrations"."version" ASC[0m
Migrating to CreateActiveStorageTables (20260106132752)
  [1m[36mTRANSACTION (0.1ms)[0m  [1m[35mBEGIN[0m
  [1m[35m (5.5ms)[0m  [1m[35mCREATE TABLE "active_storage_blobs" ("id" bigserial primary key, "key" character varying NOT NULL, "filename" character varying NOT NULL, "content_type" character varying, "metadata" text, "service_name" character varying NOT NULL, "byte_size" bigint NOT NULL, "checksum" character varying NOT NULL, "created_at" timestamp NOT NULL)[0m
  [1m[35m (2.6ms)[0m  [1m[35mCREATE UNIQUE INDEX "index_active_storage_blobs_on_key" ON "active_storage_blobs" ("key")[0m
  [1m[35m (4.2ms)[0m  [1m[35mCREATE TABLE "active_storage_attachments" ("id" bigserial primary key, "name" character varying NOT NULL, "record_type" character varying NOT NULL, "record_id" bigint NOT NULL, "blob_id" bigint NOT NULL, "created_at" timestamp NOT NULL, CONSTRAINT "fk_rails_c3b3935057"
FOREIGN KEY ("blob_id")
  REFERENCES "active_storage_blobs" ("id")
)[0m
  [1m[35m (1.0ms)[0m  [1m[35mCREATE INDEX "index_active_storage_attachments_on_blob_id" ON "active_storage_attachments" ("blob_id")[0m
  [1m[35m (1.9ms)[0m  [1m[35mCREATE UNIQUE INDEX "index_active_storage_attachments_uniqueness" ON "active_storage_attachments" ("record_type", "record_id", "name", "blob_id")[0m
  [1m[35m (3.8ms)[0m  [1m[35mCREATE TABLE "active_storage_variant_records" ("id" bigserial primary key, "blob_id" bigint NOT NULL, "variation_digest" character varying NOT NULL, CONSTRAINT "fk_rails_993965df05"
FOREIGN KEY ("blob_id")
  REFERENCES "active_storage_blobs" ("id")
)[0m
  [1m[35m (0.7ms)[0m  [1m[35mCREATE UNIQUE INDEX "index_active_storage_variant_records_uniqueness" ON "active_storage_variant_records" ("blob_id", "variation_digest")[0m
  [1m[36mActiveRecord::SchemaMigration Create (0.5ms)[0m  [1m[32mINSERT INTO "schema_migrations" ("version") VALUES ($1) RETURNING "version"[0m  [["version", "20260106132752"]]
  [1m[36mTRANSACTION (0.8ms)[0m  [1m[35mCOMMIT[0m
  [1m[36mActiveRecord::InternalMetadata Load (0.4ms)[0m  [1m[34mSELECT "ar_internal_metadata".* FROM "ar_internal_metadata" WHERE "ar_internal_metadata"."key" = $1 LIMIT $2[0m  [["key", "environment"], ["LIMIT", 1]]
  [1m[35m (0.2ms)[0m  [1m[34mSELECT pg_advisory_unlock(8053868905043610495)[0m
  [1m[35m (0.7ms)[0m  [1m[34mSELECT "schema_migrations"."version" FROM "schema_migrations" ORDER BY "schema_migrations"."version" ASC[0m
  [1m[35m (1.9ms)[0m  [1m[34mSELECT "schema_migrations"."version" FROM "schema_migrations" ORDER BY "schema_migrations"."version" ASC[0m
  [1m[36mCartItem Load (3.7ms)[0m  [1m[34mSELECT "cart_items".* FROM "cart_items"[0m
  [1m[36mHotspot Load (1.0ms)[0m  [1m[34mSELECT "hotspots".* FROM "hotspots"[0m
  [1m[36mMediaItem Load (1.0ms)[0m  [1m[34mSELECT "media_items".* FROM "media_items"[0m
  [1m[36mStory Load (4.1ms)[0m  [1m[34mSELECT "stories".* FROM "stories"[0m
  [1m[36mSubstitution Load (1.0ms)[0m  [1m[34mSELECT "substitutions".* FROM "substitutions"[0m
  [1m[36mDishIngredient Load (4.7ms)[0m  [1m[34mSELECT "dish_ingredients".* FROM "dish_ingredients"[0m
  [1m[36mDish Load (0.8ms)[0m  [1m[34mSELECT "dishes".* FROM "dishes"[0m
  [1m[36mIngredient Load (1.0ms)[0m  [1m[34mSELECT "ingredients".* FROM "ingredients"[0m
  [1m[36mRestaurant Load (0.7ms)[0m  [1m[34mSELECT "restaurants".* FROM "restaurants"[0m
  [1m[36mTRANSACTION (0.2ms)[0m  [1m[35mBEGIN[0m
  [1m[36mRestaurant Create (1.0ms)[0m  [1m[32mINSERT INTO "restaurants" ("name", "description", "logo_url", "created_at", "updated_at") VALUES ($1, $2, $3, $4, $5) RETURNING "id"[0m  [["name", "Spice Kitchen"], ["description", "Authentic Indian cuisine with modern twists"], ["logo_url", "https://images.unsplash.com/photo-1555396273-367ea4eb4db5?w=200"], ["created_at", "2026-01-06 13:27:59.397095"], ["updated_at", "2026-01-06 13:27:59.397095"]]
  [1m[36mTRANSACTION (0.4ms)[0m  [1m[35mCOMMIT[0m
  [1m[36mTRANSACTION (0.1ms)[0m  [1m[35mBEGIN[0m
  [1m[36mRestaurant Create (0.3ms)[0m  [1m[32mINSERT INTO "restaurants" ("name", "description", "logo_url", "created_at", "updated_at") VALUES ($1, $2, $3, $4, $5) RETURNING "id"[0m  [["name", "Pasta Palace"], ["description", "Fresh Italian pasta made daily"], ["logo_url", "https://images.unsplash.com/photo-1551183053-bf91a1d81141?w=200"], ["created_at", "2026-01-06 13:27:59.402930"], ["updated_at", "2026-01-06 13:27:59.402930"]]
  [1m[36mTRANSACTION (0.2ms)[0m  [1m[35mCOMMIT[0m
  [1m[36mTRANSACTION (0.1ms)[0m  [1m[35mBEGIN[0m
  [1m[36mRestaurant Create (0.1ms)[0m  [1m[32mINSERT INTO "restaurants" ("name", "description", "logo_url", "created_at", "updated_at") VALUES ($1, $2, $3, $4, $5) RETURNING "id"[0m  [["name", "Burger Barn"], ["description", "Gourmet burgers with premium ingredients"], ["logo_url", "https://images.unsplash.com/photo-1550547660-d9450f859349?w=200"], ["created_at", "2026-01-06 13:27:59.404530"], ["updated_at", "2026-01-06 13:27:59.404530"]]
  [1m[36mTRANSACTION (0.1ms)[0m  [1m[35mCOMMIT[0m
  [1m[36mTRANSACTION (0.1ms)[0m  [1m[35mBEGIN[0m
  [1m[36mIngredient Create (0.9ms)[0m  [1m[32mINSERT INTO "ingredients" ("name", "description", "image_url", "calories", "protein", "carbs", "fat", "allergens", "created_at", "updated_at") VALUES ($1, $2, $3, $4, $5, $6, $7, $8, $9, $10) RETURNING "id"[0m  [["name", "Chicken"], ["description", "Free-range chicken breast"], ["image_url", "https://images.unsplash.com/photo-1604503468506-a8da13d82791?w=300"], ["calories", 231], ["protein", "27.0"], ["carbs", "0.0"], ["fat", "12.0"], ["allergens", "---\n- None\n"], ["created_at", "2026-01-06 13:27:59.411976"], ["updated_at", "2026-01-06 13:27:59.411976"]]
  [1m[36mTRANSACTION (0.1ms)[0m  [1m[35mCOMMIT[0m
  [1m[36mTRANSACTION (0.1ms)[0m  [1m[35mBEGIN[0m
  [1m[36mIngredient Create (0.2ms)[0m  [1m[32mINSERT INTO "ingredients" ("name", "description", "image_url", "calories", "protein", "carbs", "fat", "allergens", "created_at", "updated_at") VALUES ($1, $2, $3, $4, $5, $6, $7, $8, $9, $10) RETURNING "id"[0m  [["name", "Butter"], ["description", "Premium European butter"], ["image_url", "https://images.unsplash.com/photo-1589985270826-4b7fe135a9c4?w=300"], ["calories", 717], ["protein", "0.9"], ["carbs", "0.1"], ["fat", "81.0"], ["allergens", "---\n- Dairy\n"], ["created_at", "2026-01-06 13:27:59.415768"], ["updated_at", "2026-01-06 13:27:59.415768"]]
  [1m[36mTRANSACTION (0.2ms)[0m  [1m[35mCOMMIT[0m
  [1m[36mTRANSACTION (0.1ms)[0m  [1m[35mBEGIN[0m
  [1m[36mIngredient Create (0.4ms)[0m  [1m[32mINSERT INTO "ingredients" ("name", "description", "image_url", "calories", "protein", "carbs", "fat", "allergens", "created_at", "updated_at") VALUES ($1, $2, $3, $4, $5, $6, $7, $8, $9, $10) RETURNING "id"[0m  [["name", "Tomato"], ["description", "Fresh vine-ripened tomatoes"], ["image_url", "https://images.unsplash.com/photo-1546097491-4c03f48b14d4?w=300"], ["calories", 18], ["protein", "0.9"], ["carbs", "3.9"], ["fat", "0.2"], ["allergens", "---\n- None\n"], ["created_at", "2026-01-06 13:27:59.418242"], ["updated_at", "2026-01-06 13:27:59.418242"]]
  [1m[36mTRANSACTION (0.4ms)[0m  [1m[35mCOMMIT[0m
  [1m[36mTRANSACTION (0.1ms)[0m  [1m[35mBEGIN[0m
  [1m[36mIngredient Create (0.3ms)[0m  [1m[32mINSERT INTO "ingredients" ("name", "description", "image_url", "calories", "protein", "carbs", "fat", "allergens", "created_at", "updated_at") VALUES ($1, $2, $3, $4, $5, $6, $7, $8, $9, $10) RETURNING "id"[0m  [["name", "Mozzarella Cheese"], ["description", "Fresh mozzarella"], ["image_url", "https://images.unsplash.com/photo-1618164436241-4473940d1f5c?w=300"], ["calories", 300], ["protein", "22.0"], ["carbs", "2.2"], ["fat", "22.0"], ["allergens", "---\n- Dairy\n"], ["created_at", "2026-01-06 13:27:59.426958"], ["updated_at", "2026-01-06 13:27:59.426958"]]
  [1m[36mTRANSACTION (0.2ms)[0m  [1m[35mCOMMIT[0m
  [1m[36mTRANSACTION (0.1ms)[0m  [1m[35mBEGIN[0m
  [1m[36mIngredient Create (0.2ms)[0m  [1m[32mINSERT INTO "ingredients" ("name", "description", "image_url", "calories", "protein", "carbs", "fat", "allergens", "created_at", "updated_at") VALUES ($1, $2, $3, $4, $5, $6, $7, $8, $9, $10) RETURNING "id"[0m  [["name", "Lettuce"], ["description", "Crisp romaine lettuce"], ["image_url", "https://images.unsplash.com/photo-1622206151226-18ca2c9ab4a1?w=300"], ["calories", 15], ["protein", "1.4"], ["carbs", "2.9"], ["fat", "0.2"], ["allergens", "---\n- None\n"], ["created_at", "2026-01-06 13:27:59.429049"], ["updated_at", "2026-01-06 13:27:59.429049"]]
  [1m[36mTRANSACTION (0.2ms)[0m  [1m[35mCOMMIT[0m
  [1m[36mTRANSACTION (0.1ms)[0m  [1m[35mBEGIN[0m
  [1m[36mIngredient Create (0.2ms)[0m  [1m[32mINSERT INTO "ingredients" ("name", "description", "image_url", "calories", "protein", "carbs", "fat", "allergens", "created_at", "updated_at") VALUES ($1, $2, $3, $4, $5, $6, $7, $8, $9, $10) RETURNING "id"[0m  [["name", "Onion"], ["description", "Sweet yellow onions"], ["image_url", "https://images.unsplash.com/photo-1518977822534-7049a61ee0c2?w=300"], ["calories", 40], ["protein", "1.1"], ["carbs", "9.3"], ["fat", "0.1"], ["allergens", "---\n- None\n"], ["created_at", "2026-01-06 13:27:59.430817"], ["updated_at", "2026-01-06 13:27:59.430817"]]
  [1m[36mTRANSACTION (0.2ms)[0m  [1m[35mCOMMIT[0m
  [1m[36mTRANSACTION (0.1ms)[0m  [1m[35mBEGIN[0m
  [1m[36mIngredient Create (0.2ms)[0m  [1m[32mINSERT INTO "ingredients" ("name", "description", "image_url", "calories", "protein", "carbs", "fat", "allergens", "created_at", "updated_at") VALUES ($1, $2, $3, $4, $5, $6, $7, $8, $9, $10) RETURNING "id"[0m  [["name", "Tofu"], ["description", "Organic firm tofu"], ["image_url", "https://images.unsplash.com/photo-1616594039964-ae9021a400a0?w=300"], ["calories", 76], ["protein", "8.0"], ["carbs", "1.9"], ["fat", "4.8"], ["allergens", "---\n- Soy\n"], ["created_at", "2026-01-06 13:27:59.433147"], ["updated_at", "2026-01-06 13:27:59.433147"]]
  [1m[36mTRANSACTION (0.2ms)[0m  [1m[35mCOMMIT[0m
  [1m[36mTRANSACTION (0.1ms)[0m  [1m[35mBEGIN[0m
  [1m[36mIngredient Create (0.2ms)[0m  [1m[32mINSERT INTO "ingredients" ("name", "description", "image_url", "calories", "protein", "carbs", "fat", "allergens", "created_at", "updated_at") VALUES ($1, $2, $3, $4, $5, $6, $7, $8, $9, $10) RETURNING "id"[0m  [["name", "Olive Oil"], ["description", "Extra virgin olive oil"], ["image_url", "https://images.unsplash.com/photo-1474979266404-7eaacbcd87c5?w=300"], ["calories", 884], ["protein", "0.0"], ["carbs", "0.0"], ["fat", "100.0"], ["allergens", "---\n- None\n"], ["created_at", "2026-01-06 13:27:59.434951"], ["updated_at", "2026-01-06 13:27:59.434951"]]
  [1m[36mTRANSACTION (0.2ms)[0m  [1m[35mCOMMIT[0m
  [1m[36mTRANSACTION (0.1ms)[0m  [1m[35mBEGIN[0m
  [1m[36mIngredient Create (0.2ms)[0m  [1m[32mINSERT INTO "ingredients" ("name", "description", "image_url", "calories", "protein", "carbs", "fat", "allergens", "created_at", "updated_at") VALUES ($1, $2, $3, $4, $5, $6, $7, $8, $9, $10) RETURNING "id"[0m  [["name", "Beef Patty"], ["description", "100% grass-fed beef"], ["image_url", "https://images.unsplash.com/photo-1603048297172-c92544798d5a?w=300"], ["calories", 250], ["protein", "26.0"], ["carbs", "0.0"], ["fat", "17.0"], ["allergens", "---\n- None\n"], ["created_at", "2026-01-06 13:27:59.436888"], ["updated_at", "2026-01-06 13:27:59.436888"]]
  [1m[36mTRANSACTION (0.2ms)[0m  [1m[35mCOMMIT[0m
  [1m[36mTRANSACTION (0.1ms)[0m  [1m[35mBEGIN[0m
  [1m[36mIngredient Create (0.1ms)[0m  [1m[32mINSERT INTO "ingredients" ("name", "description", "image_url", "calories", "protein", "carbs", "fat", "allergens", "created_at", "updated_at") VALUES ($1, $2, $3, $4, $5, $6, $7, $8, $9, $10) RETURNING "id"[0m  [["name", "Brioche Bun"], ["description", "Buttery brioche bun"], ["image_url", "https://images.unsplash.com/photo-1509440159596-0249088772ff?w=300"], ["calories", 267], ["protein", "8.0"], ["carbs", "49.0"], ["fat", "4.0"], ["allergens", "---\n- Gluten\n- Eggs\n"], ["created_at", "2026-01-06 13:27:59.438792"], ["updated_at", "2026-01-06 13:27:59.438792"]]
  [1m[36mTRANSACTION (0.2ms)[0m  [1m[35mCOMMIT[0m
  [1m[36mTRANSACTION (0.1ms)[0m  [1m[35mBEGIN[0m
  [1m[36mSubstitution Create (5.5ms)[0m  [1m[32mINSERT INTO "substitutions" ("ingredient_id", "substitute_ingredient_id", "price_adjustment", "created_at", "updated_at") VALUES ($1, $2, $3, $4, $5) RETURNING "id"[0m  [["ingredient_id", 1], ["substitute_ingredient_id", 7], ["price_adjustment", "-2.0"], ["created_at", "2026-01-06 13:27:59.449469"], ["updated_at", "2026-01-06 13:27:59.449469"]]
  [1m[36mTRANSACTION (0.2ms)[0m  [1m[35mCOMMIT[0m
  [1m[36mTRANSACTION (0.0ms)[0m  [1m[35mBEGIN[0m
  [1m[36mSubstitution Create (0.5ms)[0m  [1m[32mINSERT INTO "substitutions" ("ingredient_id", "substitute_ingredient_id", "price_adjustment", "created_at", "updated_at") VALUES ($1, $2, $3, $4, $5) RETURNING "id"[0m  [["ingredient_id", 2], ["substitute_ingredient_id", 8], ["price_adjustment", "0.5"], ["created_at", "2026-01-06 13:27:59.456815"], ["updated_at", "2026-01-06 13:27:59.456815"]]
  [1m[36mTRANSACTION (0.2ms)[0m  [1m[35mCOMMIT[0m
  [1m[36mTRANSACTION (0.2ms)[0m  [1m[35mBEGIN[0m
  [1m[36mDish Create (0.6ms)[0m  [1m[32mINSERT INTO "dishes" ("restaurant_id", "name", "description", "base_price", "created_at", "updated_at") VALUES ($1, $2, $3, $4, $5, $6) RETURNING "id"[0m  [["restaurant_id", 1], ["name", "Butter Chicken"], ["description", "Creamy tomato-based curry with tender chicken"], ["base_price", "18.99"], ["created_at", "2026-01-06 13:27:59.464684"], ["updated_at", "2026-01-06 13:27:59.464684"]]
  [1m[36mTRANSACTION (0.2ms)[0m  [1m[35mCOMMIT[0m
  [1m[36mTRANSACTION (0.1ms)[0m  [1m[35mBEGIN[0m
  [1m[36mDish Create (0.4ms)[0m  [1m[32mINSERT INTO "dishes" ("restaurant_id", "name", "description", "base_price", "created_at", "updated_at") VALUES ($1, $2, $3, $4, $5, $6) RETURNING "id"[0m  [["restaurant_id", 2], ["name", "Margherita Pizza"], ["description", "Classic pizza with fresh mozzarella and basil"], ["base_price", "14.99"], ["created_at", "2026-01-06 13:27:59.467226"], ["updated_at", "2026-01-06 13:27:59.467226"]]
  [1m[36mTRANSACTION (0.2ms)[0m  [1m[35mCOMMIT[0m
  [1m[36mTRANSACTION (0.1ms)[0m  [1m[35mBEGIN[0m
  [1m[36mDish Create (0.2ms)[0m  [1m[32mINSERT INTO "dishes" ("restaurant_id", "name", "description", "base_price", "created_at", "updated_at") VALUES ($1, $2, $3, $4, $5, $6) RETURNING "id"[0m  [["restaurant_id", 3], ["name", "Classic Burger"], ["description", "Juicy beef patty with fresh vegetables"], ["base_price", "12.99"], ["created_at", "2026-01-06 13:27:59.469175"], ["updated_at", "2026-01-06 13:27:59.469175"]]
  [1m[36mTRANSACTION (0.2ms)[0m  [1m[35mCOMMIT[0m
  [1m[36mTRANSACTION (1.0ms)[0m  [1m[35mBEGIN[0m
  [1m[36mDish Create (0.5ms)[0m  [1m[32mINSERT INTO "dishes" ("restaurant_id", "name", "description", "base_price", "created_at", "updated_at") VALUES ($1, $2, $3, $4, $5, $6) RETURNING "id"[0m  [["restaurant_id", 1], ["name", "Chicken Tikka Masala"], ["description", "Grilled chicken in rich tomato cream sauce"], ["base_price", "19.99"], ["created_at", "2026-01-06 13:27:59.470924"], ["updated_at", "2026-01-06 13:27:59.470924"]]
  [1m[36mTRANSACTION (0.3ms)[0m  [1m[35mCOMMIT[0m
  [1m[36mTRANSACTION (0.1ms)[0m  [1m[35mBEGIN[0m
  [1m[36mDish Create (0.3ms)[0m  [1m[32mINSERT INTO "dishes" ("restaurant_id", "name", "description", "base_price", "created_at", "updated_at") VALUES ($1, $2, $3, $4, $5, $6) RETURNING "id"[0m  [["restaurant_id", 2], ["name", "Carbonara Pasta"], ["description", "Creamy pasta with pancetta and parmesan"], ["base_price", "16.99"], ["created_at", "2026-01-06 13:27:59.474288"], ["updated_at", "2026-01-06 13:27:59.474288"]]
  [1m[36mTRANSACTION (0.5ms)[0m  [1m[35mCOMMIT[0m
  [1m[36mTRANSACTION (0.2ms)[0m  [1m[35mBEGIN[0m
  [1m[36mDishIngredient Create (0.8ms)[0m  [1m[32mINSERT INTO "dish_ingredients" ("dish_id", "ingredient_id", "default_quantity", "is_customizable", "extra_cost", "created_at", "updated_at") VALUES ($1, $2, $3, $4, $5, $6, $7) RETURNING "id"[0m  [["dish_id", 1], ["ingredient_id", 1], ["default_quantity", "1.0"], ["is_customizable", true], ["extra_cost", "3.0"], ["created_at", "2026-01-06 13:27:59.482929"], ["updated_at", "2026-01-06 13:27:59.482929"]]
  [1m[36mTRANSACTION (0.2ms)[0m  [1m[35mCOMMIT[0m
  [1m[36mTRANSACTION (0.1ms)[0m  [1m[35mBEGIN[0m
  [1m[36mDishIngredient Create (0.3ms)[0m  [1m[32mINSERT INTO "dish_ingredients" ("dish_id", "ingredient_id", "default_quantity", "is_customizable", "extra_cost", "created_at", "updated_at") VALUES ($1, $2, $3, $4, $5, $6, $7) RETURNING "id"[0m  [["dish_id", 1], ["ingredient_id", 2], ["default_quantity", "0.5"], ["is_customizable", true], ["extra_cost", "1.0"], ["created_at", "2026-01-06 13:27:59.485637"], ["updated_at", "2026-01-06 13:27:59.485637"]]
  [1m[36mTRANSACTION (0.2ms)[0m  [1m[35mCOMMIT[0m
  [1m[36mTRANSACTION (0.1ms)[0m  [1m[35mBEGIN[0m
  [1m[36mDishIngredient Create (0.3ms)[0m  [1m[32mINSERT INTO "dish_ingredients" ("dish_id", "ingredient_id", "default_quantity", "is_customizable", "extra_cost", "created_at", "updated_at") VALUES ($1, $2, $3, $4, $5, $6, $7) RETURNING "id"[0m  [["dish_id", 1], ["ingredient_id", 3], ["default_quantity", "2.0"], ["is_customizable", false], ["extra_cost", "0.5"], ["created_at", "2026-01-06 13:27:59.487552"], ["updated_at", "2026-01-06 13:27:59.487552"]]
  [1m[36mTRANSACTION (0.2ms)[0m  [1m[35mCOMMIT[0m
  [1m[36mTRANSACTION (0.1ms)[0m  [1m[35mBEGIN[0m
  [1m[36mDishIngredient Create (0.2ms)[0m  [1m[32mINSERT INTO "dish_ingredients" ("dish_id", "ingredient_id", "default_quantity", "is_customizable", "extra_cost", "created_at", "updated_at") VALUES ($1, $2, $3, $4, $5, $6, $7) RETURNING "id"[0m  [["dish_id", 2], ["ingredient_id", 4], ["default_quantity", "1.0"], ["is_customizable", true], ["extra_cost", "2.0"], ["created_at", "2026-01-06 13:27:59.489352"], ["updated_at", "2026-01-06 13:27:59.489352"]]
  [1m[36mTRANSACTION (0.2ms)[0m  [1m[35mCOMMIT[0m
  [1m[36mTRANSACTION (0.1ms)[0m  [1m[35mBEGIN[0m
  [1m[36mDishIngredient Create (0.3ms)[0m  [1m[32mINSERT INTO "dish_ingredients" ("dish_id", "ingredient_id", "default_quantity", "is_customizable", "extra_cost", "created_at", "updated_at") VALUES ($1, $2, $3, $4, $5, $6, $7) RETURNING "id"[0m  [["dish_id", 2], ["ingredient_id", 3], ["default_quantity", "3.0"], ["is_customizable", true], ["extra_cost", "1.0"], ["created_at", "2026-01-06 13:27:59.491140"], ["updated_at", "2026-01-06 13:27:59.491140"]]
  [1m[36mTRANSACTION (0.2ms)[0m  [1m[35mCOMMIT[0m
  [1m[36mTRANSACTION (0.1ms)[0m  [1m[35mBEGIN[0m
  [1m[36mDishIngredient Create (0.3ms)[0m  [1m[32mINSERT INTO "dish_ingredients" ("dish_id", "ingredient_id", "default_quantity", "is_customizable", "extra_cost", "created_at", "updated_at") VALUES ($1, $2, $3, $4, $5, $6, $7) RETURNING "id"[0m  [["dish_id", 3], ["ingredient_id", 9], ["default_quantity", "1.0"], ["is_customizable", false], ["extra_cost", "0.0"], ["created_at", "2026-01-06 13:27:59.493481"], ["updated_at", "2026-01-06 13:27:59.493481"]]
  [1m[36mTRANSACTION (0.2ms)[0m  [1m[35mCOMMIT[0m
  [1m[36mTRANSACTION (0.1ms)[0m  [1m[35mBEGIN[0m
  [1m[36mDishIngredient Create (0.2ms)[0m  [1m[32mINSERT INTO "dish_ingredients" ("dish_id", "ingredient_id", "default_quantity", "is_customizable", "extra_cost", "created_at", "updated_at") VALUES ($1, $2, $3, $4, $5, $6, $7) RETURNING "id"[0m  [["dish_id", 3], ["ingredient_id", 10], ["default_quantity", "1.0"], ["is_customizable", false], ["extra_cost", "0.0"], ["created_at", "2026-01-06 13:27:59.495484"], ["updated_at", "2026-01-06 13:27:59.495484"]]
  [1m[36mTRANSACTION (0.2ms)[0m  [1m[35mCOMMIT[0m
  [1m[36mTRANSACTION (0.1ms)[0m  [1m[35mBEGIN[0m
  [1m[36mDishIngredient Create (0.3ms)[0m  [1m[32mINSERT INTO "dish_ingredients" ("dish_id", "ingredient_id", "default_quantity", "is_customizable", "extra_cost", "created_at", "updated_at") VALUES ($1, $2, $3, $4, $5, $6, $7) RETURNING "id"[0m  [["dish_id", 3], ["ingredient_id", 5], ["default_quantity", "0.5"], ["is_customizable", true], ["extra_cost", "0.5"], ["created_at", "2026-01-06 13:27:59.497231"], ["updated_at", "2026-01-06 13:27:59.497231"]]
  [1m[36mTRANSACTION (0.2ms)[0m  [1m[35mCOMMIT[0m
  [1m[36mTRANSACTION (0.1ms)[0m  [1m[35mBEGIN[0m
  [1m[36mDishIngredient Create (0.2ms)[0m  [1m[32mINSERT INTO "dish_ingredients" ("dish_id", "ingredient_id", "default_quantity", "is_customizable", "extra_cost", "created_at", "updated_at") VALUES ($1, $2, $3, $4, $5, $6, $7) RETURNING "id"[0m  [["dish_id", 3], ["ingredient_id", 6], ["default_quantity", "0.5"], ["is_customizable", true], ["extra_cost", "0.5"], ["created_at", "2026-01-06 13:27:59.498960"], ["updated_at", "2026-01-06 13:27:59.498960"]]
  [1m[36mTRANSACTION (0.2ms)[0m  [1m[35mCOMMIT[0m
  [1m[36mTRANSACTION (0.1ms)[0m  [1m[35mBEGIN[0m
  [1m[36mDishIngredient Create (0.2ms)[0m  [1m[32mINSERT INTO "dish_ingredients" ("dish_id", "ingredient_id", "default_quantity", "is_customizable", "extra_cost", "created_at", "updated_at") VALUES ($1, $2, $3, $4, $5, $6, $7) RETURNING "id"[0m  [["dish_id", 3], ["ingredient_id", 3], ["default_quantity", "0.5"], ["is_customizable", true], ["extra_cost", "0.5"], ["created_at", "2026-01-06 13:27:59.500601"], ["updated_at", "2026-01-06 13:27:59.500601"]]
  [1m[36mTRANSACTION (0.2ms)[0m  [1m[35mCOMMIT[0m
  [1m[36mTRANSACTION (0.1ms)[0m  [1m[35mBEGIN[0m
  [1m[36mDishIngredient Create (0.2ms)[0m  [1m[32mINSERT INTO "dish_ingredients" ("dish_id", "ingredient_id", "default_quantity", "is_customizable", "extra_cost", "created_at", "updated_at") VALUES ($1, $2, $3, $4, $5, $6, $7) RETURNING "id"[0m  [["dish_id", 4], ["ingredient_id", 1], ["default_quantity", "1.0"], ["is_customizable", true], ["extra_cost", "3.0"], ["created_at", "2026-01-06 13:27:59.502694"], ["updated_at", "2026-01-06 13:27:59.502694"]]
  [1m[36mTRANSACTION (0.2ms)[0m  [1m[35mCOMMIT[0m
  [1m[36mTRANSACTION (0.1ms)[0m  [1m[35mBEGIN[0m
  [1m[36mDishIngredient Create (0.2ms)[0m  [1m[32mINSERT INTO "dish_ingredients" ("dish_id", "ingredient_id", "default_quantity", "is_customizable", "extra_cost", "created_at", "updated_at") VALUES ($1, $2, $3, $4, $5, $6, $7) RETURNING "id"[0m  [["dish_id", 5], ["ingredient_id", 2], ["default_quantity", "0.5"], ["is_customizable", true], ["extra_cost", "1.0"], ["created_at", "2026-01-06 13:27:59.504531"], ["updated_at", "2026-01-06 13:27:59.504531"]]
  [1m[36mTRANSACTION (0.2ms)[0m  [1m[35mCOMMIT[0m
  [1m[36mTRANSACTION (0.2ms)[0m  [1m[35mBEGIN[0m
  [1m[36mStory Create (0.8ms)[0m  [1m[32mINSERT INTO "stories" ("dish_id", "position", "created_at", "updated_at") VALUES ($1, $2, $3, $4) RETURNING "id"[0m  [["dish_id", 1], ["position", 1], ["created_at", "2026-01-06 13:27:59.511073"], ["updated_at", "2026-01-06 13:27:59.511073"]]
  [1m[36mTRANSACTION (0.2ms)[0m  [1m[35mCOMMIT[0m
  [1m[36mTRANSACTION (0.1ms)[0m  [1m[35mBEGIN[0m
  [1m[36mStory Create (0.2ms)[0m  [1m[32mINSERT INTO "stories" ("dish_id", "position", "created_at", "updated_at") VALUES ($1, $2, $3, $4) RETURNING "id"[0m  [["dish_id", 2], ["position", 1], ["created_at", "2026-01-06 13:27:59.514152"], ["updated_at", "2026-01-06 13:27:59.514152"]]
  [1m[36mTRANSACTION (0.2ms)[0m  [1m[35mCOMMIT[0m
  [1m[36mTRANSACTION (0.1ms)[0m  [1m[35mBEGIN[0m
  [1m[36mStory Create (0.2ms)[0m  [1m[32mINSERT INTO "stories" ("dish_id", "position", "created_at", "updated_at") VALUES ($1, $2, $3, $4) RETURNING "id"[0m  [["dish_id", 3], ["position", 1], ["created_at", "2026-01-06 13:27:59.515798"], ["updated_at", "2026-01-06 13:27:59.515798"]]
  [1m[36mTRANSACTION (0.2ms)[0m  [1m[35mCOMMIT[0m
  [1m[36mTRANSACTION (0.1ms)[0m  [1m[35mBEGIN[0m
  [1m[36mStory Create (0.4ms)[0m  [1m[32mINSERT INTO "stories" ("dish_id", "position", "created_at", "updated_at") VALUES ($1, $2, $3, $4) RETURNING "id"[0m  [["dish_id", 4], ["position", 1], ["created_at", "2026-01-06 13:27:59.517237"], ["updated_at", "2026-01-06 13:27:59.517237"]]
  [1m[36mTRANSACTION (0.3ms)[0m  [1m[35mCOMMIT[0m
  [1m[36mTRANSACTION (0.1ms)[0m  [1m[35mBEGIN[0m
  [1m[36mStory Create (0.3ms)[0m  [1m[32mINSERT INTO "stories" ("dish_id", "position", "created_at", "updated_at") VALUES ($1, $2, $3, $4) RETURNING "id"[0m  [["dish_id", 5], ["position", 1], ["created_at", "2026-01-06 13:27:59.519044"], ["updated_at", "2026-01-06 13:27:59.519044"]]
  [1m[36mTRANSACTION (0.2ms)[0m  [1m[35mCOMMIT[0m
  [1m[36mTRANSACTION (0.1ms)[0m  [1m[35mBEGIN[0m
  [1m[36mMediaItem Create (0.7ms)[0m  [1m[32mINSERT INTO "media_items" ("story_id", "media_type", "position", "created_at", "updated_at") VALUES ($1, $2, $3, $4, $5) RETURNING "id"[0m  [["story_id", 1], ["media_type", 0], ["position", 1], ["created_at", "2026-01-06 13:27:59.526063"], ["updated_at", "2026-01-06 13:27:59.526063"]]
  [1m[36mTRANSACTION (0.2ms)[0m  [1m[35mCOMMIT[0m
  [1m[36mTRANSACTION (0.1ms)[0m  [1m[35mBEGIN[0m
  [1m[36mMediaItem Create (0.3ms)[0m  [1m[32mINSERT INTO "media_items" ("story_id", "media_type", "position", "created_at", "updated_at") VALUES ($1, $2, $3, $4, $5) RETURNING "id"[0m  [["story_id", 1], ["media_type", 0], ["position", 2], ["created_at", "2026-01-06 13:27:59.528445"], ["updated_at", "2026-01-06 13:27:59.528445"]]
  [1m[36mTRANSACTION (0.2ms)[0m  [1m[35mCOMMIT[0m
  [1m[36mTRANSACTION (0.1ms)[0m  [1m[35mBEGIN[0m
  [1m[36mMediaItem Create (0.3ms)[0m  [1m[32mINSERT INTO "media_items" ("story_id", "media_type", "position", "created_at", "updated_at") VALUES ($1, $2, $3, $4, $5) RETURNING "id"[0m  [["story_id", 1], ["media_type", 0], ["position", 3], ["created_at", "2026-01-06 13:27:59.530187"], ["updated_at", "2026-01-06 13:27:59.530187"]]
  [1m[36mTRANSACTION (0.2ms)[0m  [1m[35mCOMMIT[0m
  [1m[36mTRANSACTION (0.1ms)[0m  [1m[35mBEGIN[0m
  [1m[36mMediaItem Create (0.2ms)[0m  [1m[32mINSERT INTO "media_items" ("story_id", "media_type", "position", "created_at", "updated_at") VALUES ($1, $2, $3, $4, $5) RETURNING "id"[0m  [["story_id", 2], ["media_type", 0], ["position", 1], ["created_at", "2026-01-06 13:27:59.532046"], ["updated_at", "2026-01-06 13:27:59.532046"]]
  [1m[36mTRANSACTION (0.1ms)[0m  [1m[35mCOMMIT[0m
  [1m[36mTRANSACTION (0.1ms)[0m  [1m[35mBEGIN[0m
  [1m[36mMediaItem Create (0.4ms)[0m  [1m[32mINSERT INTO "media_items" ("story_id", "media_type", "position", "created_at", "updated_at") VALUES ($1, $2, $3, $4, $5) RETURNING "id"[0m  [["story_id", 2], ["media_type", 0], ["position", 2], ["created_at", "2026-01-06 13:27:59.536748"], ["updated_at", "2026-01-06 13:27:59.536748"]]
  [1m[36mTRANSACTION (0.2ms)[0m  [1m[35mCOMMIT[0m
  [1m[36mTRANSACTION (0.1ms)[0m  [1m[35mBEGIN[0m
  [1m[36mMediaItem Create (0.2ms)[0m  [1m[32mINSERT INTO "media_items" ("story_id", "media_type", "position", "created_at", "updated_at") VALUES ($1, $2, $3, $4, $5) RETURNING "id"[0m  [["story_id", 3], ["media_type", 0], ["position", 1], ["created_at", "2026-01-06 13:27:59.538691"], ["updated_at", "2026-01-06 13:27:59.538691"]]
  [1m[36mTRANSACTION (0.1ms)[0m  [1m[35mCOMMIT[0m
  [1m[36mTRANSACTION (0.1ms)[0m  [1m[35mBEGIN[0m
  [1m[36mMediaItem Create (0.2ms)[0m  [1m[32mINSERT INTO "media_items" ("story_id", "media_type", "position", "created_at", "updated_at") VALUES ($1, $2, $3, $4, $5) RETURNING "id"[0m  [["story_id", 3], ["media_type", 0], ["position", 2], ["created_at", "2026-01-06 13:27:59.540179"], ["updated_at", "2026-01-06 13:27:59.540179"]]
  [1m[36mTRANSACTION (0.2ms)[0m  [1m[35mCOMMIT[0m
  [1m[36mTRANSACTION (0.1ms)[0m  [1m[35mBEGIN[0m
  [1m[36mMediaItem Create (0.2ms)[0m  [1m[32mINSERT INTO "media_items" ("story_id", "media_type", "position", "created_at", "updated_at") VALUES ($1, $2, $3, $4, $5) RETURNING "id"[0m  [["story_id", 3], ["media_type", 0], ["position", 3], ["created_at", "2026-01-06 13:27:59.541853"], ["updated_at", "2026-01-06 13:27:59.541853"]]
  [1m[36mTRANSACTION (0.3ms)[0m  [1m[35mCOMMIT[0m
  [1m[36mTRANSACTION (0.1ms)[0m  [1m[35mBEGIN[0m
  [1m[36mMediaItem Create (0.1ms)[0m  [1m[32mINSERT INTO "media_items" ("story_id", "media_type", "position", "created_at", "updated_at") VALUES ($1, $2, $3, $4, $5) RETURNING "id"[0m  [["story_id", 3], ["media_type", 0], ["position", 4], ["created_at", "2026-01-06 13:27:59.543727"], ["updated_at", "2026-01-06 13:27:59.543727"]]
  [1m[36mTRANSACTION (0.1ms)[0m  [1m[35mCOMMIT[0m
  [1m[36mTRANSACTION (0.1ms)[0m  [1m[35mBEGIN[0m
  [1m[36mMediaItem Create (0.2ms)[0m  [1m[32mINSERT INTO "media_items" ("story_id", "media_type", "position", "created_at", "updated_at") VALUES ($1, $2, $3, $4, $5) RETURNING "id"[0m  [["story_id", 4], ["media_type", 0], ["position", 1], ["created_at", "2026-01-06 13:27:59.545149"], ["updated_at", "2026-01-06 13:27:59.545149"]]
  [1m[36mTRANSACTION (0.1ms)[0m  [1m[35mCOMMIT[0m
  [1m[36mTRANSACTION (0.1ms)[0m  [1m[35mBEGIN[0m
  [1m[36mMediaItem Create (0.2ms)[0m  [1m[32mINSERT INTO "media_items" ("story_id", "media_type", "position", "created_at", "updated_at") VALUES ($1, $2, $3, $4, $5) RETURNING "id"[0m  [["story_id", 4], ["media_type", 0], ["position", 2], ["created_at", "2026-01-06 13:27:59.546514"], ["updated_at", "2026-01-06 13:27:59.546514"]]
  [1m[36mTRANSACTION (0.2ms)[0m  [1m[35mCOMMIT[0m
  [1m[36mTRANSACTION (0.1ms)[0m  [1m[35mBEGIN[0m
  [1m[36mMediaItem Create (0.2ms)[0m  [1m[32mINSERT INTO "media_items" ("story_id", "media_type", "position", "created_at", "updated_at") VALUES ($1, $2, $3, $4, $5) RETURNING "id"[0m  [["story_id", 5], ["media_type", 0], ["position", 1], ["created_at", "2026-01-06 13:27:59.548088"], ["updated_at", "2026-01-06 13:27:59.548088"]]
  [1m[36mTRANSACTION (0.1ms)[0m  [1m[35mCOMMIT[0m
  [1m[36mTRANSACTION (0.1ms)[0m  [1m[35mBEGIN[0m
  [1m[36mMediaItem Create (0.2ms)[0m  [1m[32mINSERT INTO "media_items" ("story_id", "media_type", "position", "created_at", "updated_at") VALUES ($1, $2, $3, $4, $5) RETURNING "id"[0m  [["story_id", 5], ["media_type", 0], ["position", 2], ["created_at", "2026-01-06 13:27:59.549474"], ["updated_at", "2026-01-06 13:27:59.549474"]]
  [1m[36mTRANSACTION (0.2ms)[0m  [1m[35mCOMMIT[0m
  [1m[36mTRANSACTION (0.1ms)[0m  [1m[35mBEGIN[0m
  [1m[36mMediaItem Create (0.3ms)[0m  [1m[32mINSERT INTO "media_items" ("story_id", "media_type", "position", "created_at", "updated_at") VALUES ($1, $2, $3, $4, $5) RETURNING "id"[0m  [["story_id", 5], ["media_type", 0], ["position", 3], ["created_at", "2026-01-06 13:27:59.550961"], ["updated_at", "2026-01-06 13:27:59.550961"]]
  [1m[36mTRANSACTION (0.1ms)[0m  [1m[35mCOMMIT[0m
  [1m[36mTRANSACTION (0.1ms)[0m  [1m[35mBEGIN[0m
  [1m[36mHotspot Create (1.3ms)[0m  [1m[32mINSERT INTO "hotspots" ("media_item_id", "ingredient_id", "x_position", "y_position", "created_at", "updated_at") VALUES ($1, $2, $3, $4, $5, $6) RETURNING "id"[0m  [["media_item_id", 1], ["ingredient_id", 1], ["x_position", "30.0"], ["y_position", "40.0"], ["created_at", "2026-01-06 13:27:59.557325"], ["updated_at", "2026-01-06 13:27:59.557325"]]
  [1m[36mTRANSACTION (0.3ms)[0m  [1m[35mCOMMIT[0m
  [1m[36mTRANSACTION (0.1ms)[0m  [1m[35mBEGIN[0m
  [1m[36mHotspot Create (0.5ms)[0m  [1m[32mINSERT INTO "hotspots" ("media_item_id", "ingredient_id", "x_position", "y_position", "created_at", "updated_at") VALUES ($1, $2, $3, $4, $5, $6) RETURNING "id"[0m  [["media_item_id", 2], ["ingredient_id", 2], ["x_position", "50.0"], ["y_position", "50.0"], ["created_at", "2026-01-06 13:27:59.560435"], ["updated_at", "2026-01-06 13:27:59.560435"]]
  [1m[36mTRANSACTION (0.2ms)[0m  [1m[35mCOMMIT[0m
  [1m[36mTRANSACTION (0.1ms)[0m  [1m[35mBEGIN[0m
  [1m[36mHotspot Create (0.2ms)[0m  [1m[32mINSERT INTO "hotspots" ("media_item_id", "ingredient_id", "x_position", "y_position", "created_at", "updated_at") VALUES ($1, $2, $3, $4, $5, $6) RETURNING "id"[0m  [["media_item_id", 3], ["ingredient_id", 3], ["x_position", "70.0"], ["y_position", "60.0"], ["created_at", "2026-01-06 13:27:59.562611"], ["updated_at", "2026-01-06 13:27:59.562611"]]
  [1m[36mTRANSACTION (0.1ms)[0m  [1m[35mCOMMIT[0m
  [1m[36mTRANSACTION (0.1ms)[0m  [1m[35mBEGIN[0m
  [1m[36mHotspot Create (0.2ms)[0m  [1m[32mINSERT INTO "hotspots" ("media_item_id", "ingredient_id", "x_position", "y_position", "created_at", "updated_at") VALUES ($1, $2, $3, $4, $5, $6) RETURNING "id"[0m  [["media_item_id", 4], ["ingredient_id", 4], ["x_position", "50.0"], ["y_position", "45.0"], ["created_at", "2026-01-06 13:27:59.564257"], ["updated_at", "2026-01-06 13:27:59.564257"]]
  [1m[36mTRANSACTION (0.1ms)[0m  [1m[35mCOMMIT[0m
  [1m[36mTRANSACTION (0.1ms)[0m  [1m[35mBEGIN[0m
  [1m[36mHotspot Create (0.2ms)[0m  [1m[32mINSERT INTO "hotspots" ("media_item_id", "ingredient_id", "x_position", "y_position", "created_at", "updated_at") VALUES ($1, $2, $3, $4, $5, $6) RETURNING "id"[0m  [["media_item_id", 5], ["ingredient_id", 3], ["x_position", "60.0"], ["y_position", "55.0"], ["created_at", "2026-01-06 13:27:59.565741"], ["updated_at", "2026-01-06 13:27:59.565741"]]
  [1m[36mTRANSACTION (0.2ms)[0m  [1m[35mCOMMIT[0m
  [1m[36mTRANSACTION (0.1ms)[0m  [1m[35mBEGIN[0m
  [1m[36mHotspot Create (0.3ms)[0m  [1m[32mINSERT INTO "hotspots" ("media_item_id", "ingredient_id", "x_position", "y_position", "created_at", "updated_at") VALUES ($1, $2, $3, $4, $5, $6) RETURNING "id"[0m  [["media_item_id", 6], ["ingredient_id", 9], ["x_position", "50.0"], ["y_position", "50.0"], ["created_at", "2026-01-06 13:27:59.567308"], ["updated_at", "2026-01-06 13:27:59.567308"]]
  [1m[36mTRANSACTION (0.2ms)[0m  [1m[35mCOMMIT[0m
  [1m[36mTRANSACTION (0.1ms)[0m  [1m[35mBEGIN[0m
  [1m[36mHotspot Create (0.3ms)[0m  [1m[32mINSERT INTO "hotspots" ("media_item_id", "ingredient_id", "x_position", "y_position", "created_at", "updated_at") VALUES ($1, $2, $3, $4, $5, $6) RETURNING "id"[0m  [["media_item_id", 7], ["ingredient_id", 10], ["x_position", "50.0"], ["y_position", "30.0"], ["created_at", "2026-01-06 13:27:59.569005"], ["updated_at", "2026-01-06 13:27:59.569005"]]
  [1m[36mTRANSACTION (0.2ms)[0m  [1m[35mCOMMIT[0m
  [1m[36mTRANSACTION (0.1ms)[0m  [1m[35mBEGIN[0m
  [1m[36mHotspot Create (0.3ms)[0m  [1m[32mINSERT INTO "hotspots" ("media_item_id", "ingredient_id", "x_position", "y_position", "created_at", "updated_at") VALUES ($1, $2, $3, $4, $5, $6) RETURNING "id"[0m  [["media_item_id", 8], ["ingredient_id", 5], ["x_position", "40.0"], ["y_position", "60.0"], ["created_at", "2026-01-06 13:27:59.570610"], ["updated_at", "2026-01-06 13:27:59.570610"]]
  [1m[36mTRANSACTION (0.1ms)[0m  [1m[35mCOMMIT[0m
  [1m[36mTRANSACTION (0.1ms)[0m  [1m[35mBEGIN[0m
  [1m[36mHotspot Create (0.2ms)[0m  [1m[32mINSERT INTO "hotspots" ("media_item_id", "ingredient_id", "x_position", "y_position", "created_at", "updated_at") VALUES ($1, $2, $3, $4, $5, $6) RETURNING "id"[0m  [["media_item_id", 9], ["ingredient_id", 3], ["x_position", "60.0"], ["y_position", "60.0"], ["created_at", "2026-01-06 13:27:59.572580"], ["updated_at", "2026-01-06 13:27:59.572580"]]
  [1m[36mTRANSACTION (0.1ms)[0m  [1m[35mCOMMIT[0m
  [1m[36mTRANSACTION (0.1ms)[0m  [1m[35mBEGIN[0m
  [1m[36mHotspot Create (0.2ms)[0m  [1m[32mINSERT INTO "hotspots" ("media_item_id", "ingredient_id", "x_position", "y_position", "created_at", "updated_at") VALUES ($1, $2, $3, $4, $5, $6) RETURNING "id"[0m  [["media_item_id", 10], ["ingredient_id", 1], ["x_position", "45.0"], ["y_position", "50.0"], ["created_at", "2026-01-06 13:27:59.574162"], ["updated_at", "2026-01-06 13:27:59.574162"]]
  [1m[36mTRANSACTION (0.1ms)[0m  [1m[35mCOMMIT[0m
  [1m[36mTRANSACTION (0.1ms)[0m  [1m[35mBEGIN[0m
  [1m[36mHotspot Create (0.2ms)[0m  [1m[32mINSERT INTO "hotspots" ("media_item_id", "ingredient_id", "x_position", "y_position", "created_at", "updated_at") VALUES ($1, $2, $3, $4, $5, $6) RETURNING "id"[0m  [["media_item_id", 12], ["ingredient_id", 2], ["x_position", "55.0"], ["y_position", "45.0"], ["created_at", "2026-01-06 13:27:59.575602"], ["updated_at", "2026-01-06 13:27:59.575602"]]
  [1m[36mTRANSACTION (0.1ms)[0m  [1m[35mCOMMIT[0m
  [1m[35m (2.3ms)[0m  [1m[34mSELECT COUNT(*) FROM "restaurants"[0m
  [1m[35m (0.2ms)[0m  [1m[34mSELECT COUNT(*) FROM "dishes"[0m
  [1m[35m (0.2ms)[0m  [1m[34mSELECT COUNT(*) FROM "ingredients"[0m
  [1m[35m (0.2ms)[0m  [1m[34mSELECT COUNT(*) FROM "stories"[0m
  [1m[35m (0.1ms)[0m  [1m[34mSELECT COUNT(*) FROM "media_items"[0m
  [1m[35m (0.1ms)[0m  [1m[34mSELECT COUNT(*) FROM "hotspots"[0m
